2024-04-05T16:01:30+00:00 DEBUG POST: https://ads.tiktok.com/marketing_api/api/developer/app/create_auto_approve/

{"business_platform":"PROD","smb_id":"tt4b_woocommerce_6610205a0ac76httpnaturligtgotttestwp-admin","smb_name":"PROD","redirect_url":"http:\/\/naturligtgott.test\/wp-admin\/"}
 ajax: no
2024-04-05T16:01:30+00:00 DEBUG Tt4b_Mapi_Class::create_open_source_app: Response: 

HTTP/1.1 200 OK
Content-Type: application/json
X-Tt-Logid: 202404051601293BF1DDF42C537725FA82,202404051601293BF1DDF42C537725FA82
Strict-Transport-Security: max-age=31536000; includeSubDomains
x-tt-trace-host: 01ddc45ec504f25d88db90858c970537026ca49d4b4c76af54aee5289b2cd7f4af341d193561ddb2cc1bf555dd7572ca17125a3d9fa56fb0ee0cd09efb5e6e6e1600561253bc00dac34b3d3d3994c34f7a07138173d6d3d155c3305229e913f7ab360bcad326736991de7039db38136500
x-tt-trace-id: 00-2404051601293BF1DDF42C537725FA82-051DD60D2AE2345A-00
Server: TLB
Content-Encoding: gzip
Content-Length: 205
X-Origin-Response-Time: 81,23.44.4.92
X-Akamai-Request-ID: fdd67f.1b9c19f9
Date: Fri, 05 Apr 2024 16:01:30 GMT
X-Cache: TCP_MISS from a184-31-15-196.deploy.akamaitechnologies.com (AkamaiGHost/11.4.4.1-55329865) (-)
Connection: close
Vary: Accept-Encoding
X-Cache-Remote: TCP_MISS from a23-44-4-92.deploy.akamaitechnologies.com (AkamaiGHost/11.4.4.1-55329865) (-)
x-tt-trace-tag: id=16;cdn-cache=miss;type=dyn
Server-Timing: cdn-cache; desc=MISS, edge; dur=189, origin; dur=81
Server-Timing: inner; dur=76
X-Parent-Response-Time: 265,184.31.15.196

{"code":0,"msg":"ok","data":{"app_secret":"534949e707e5fc94fce08a9aa510dba6c6ea3487","redirect_uri":"http:\/\/naturligtgott.test\/wp-admin\/","external_data_key":"efc8f7a4-1f12-4948-83f6-e6c302c65e67","app_id":"7354413763933503489"}}
